[   33.491843] Unable to handle kernel NULL pointer dereference at virtual address 0000000000000050
[   33.492615] Mem abort info:
[   33.492864]   ESR = 0x96000005
[   33.493171]   EC = 0x25: DABT (current EL), IL = 32 bits
[   33.493638]   SET = 0, FnV = 0
[   33.493908]   EA = 0, S1PTW = 0
[   33.494184] Data abort info:
[   33.494438]   ISV = 0, ISS = 0x00000005
[   33.494774]   CM = 0, WnR = 0
[   33.495037] [0000000000000050] user address but active_mm is swapper
[   33.495596] Internal error: Oops: 96000005 [#1] SMP
[   33.496025] Modules linked in:
[   33.496304] CPU: 1 PID: 140 Comm: kworker/1:2 Not tainted 5.10.198 #2
[   33.496867] Hardware name: Diasom DS-RK3568-SOM-EVB!! (DT)
[   33.497359] Workqueue: events_freezable mmc_rescan
[   33.497783] pstate: 60c00009 (nZCv daif +PAN +UAO -TCO BTYPE=--)
[   33.498313] pc : mmc_blk_data_init+0x3c/0x84
[   33.498691] lr : mmc_blk_probe+0x45c/0x6d0
[   33.499051] sp : ffffffc00b36b9b0
[   33.499344] x29: ffffffc00b36b9b0 x28: ffffff81021f4000 
[   33.499812] x27: ffffffc00a1b24b8 x26: ffffff81021f4390 
[   33.500280] x25: 000000000000ffff x24: ffffff81021ef400 
[   33.500747] x23: ffffffc00a2c5d38 x22: ffffff81021ef400 
[   33.501215] x21: 0000000000000000 x20: ffffff81021f4008 
[   33.501683] x19: ffffffc0094d9f10 x18: 0000000000000020 
[   33.502152] x17: 00000000000000e9 x16: 0000000000000c00 
[   33.502620] x15: ffffffffffffffff x14: ffffffc00b36b878 
[   33.503088] x13: ffffffc00a269db0 x12: 0000000000000000 
[   33.503557] x11: 0101010101010101 x10: 7f7f7f7f7f7f7f7f 
[   33.504023] x9 : ffffffc008e07eac x8 : 7f7f7f7f7f7f7f7f 
[   33.504490] x7 : fefefefefefefeff x6 : 8080808080808080 
[   33.504957] x5 : 8080808080808080 x4 : 0000000000000000 
[   33.505425] x3 : ffffffc00a376000 x2 : 0000000000000000 
[   33.505892] x1 : ffffff8102c85c00 x0 : ffffff81021ef400 
[   33.506361] Call trace:
[   33.506581]  mmc_blk_data_init+0x3c/0x84
[   33.506927]  mmc_blk_probe+0x45c/0x6d0
[   33.507260]  mmc_bus_probe+0x28/0x34
[   33.507579]  really_probe+0x110/0x514
[   33.507903]  driver_probe_device+0x74/0x140
[   33.508271]  __device_attach_driver+0xd8/0x14c
[   33.508663]  bus_for_each_drv+0x80/0xe0
[   33.509002]  __device_attach+0xb0/0x1ec
[   33.509339]  device_initial_probe+0x1c/0x30
[   33.509707]  bus_probe_device+0xa4/0xb0
[   33.510044]  device_add+0x350/0x7d4
[   33.510353]  mmc_add_card+0x134/0x2cc
[   33.510677]  mmc_attach_sd+0x100/0x180
[   33.511007]  mmc_rescan+0x408/0x49c
[   33.511318]  process_one_work+0x20c/0x49c
[   33.511672]  worker_thread+0x1a0/0x534
[   33.512003]  kthread+0x130/0x134
[   33.512290]  ret_from_fork+0x10/0x34
[   33.512606] 
[   33.512606] PC: 0xffffffc008e13e5c:
[   33.513039] 3c5c  b90033ff b9003be3 b9005bf6 f9003bf4 97ffff49 d5384100 f9413fe1 f9428002
[   33.513768] 3c7c  eb020021 d2800002 540000c1 a9407bfd a94153f3 a9425bf5 910a03ff d65f03c0
[   33.514495] 3c9c  94129d65 aa1e03e9 d503201f a9bc7bfd 910003fd a90153f3 f000ab13 f9428663
[   33.515221] 3cbc  b40005e3 91142273 f9001bf7 12003c17 f9400660 b4000460 39404260 34000420
[   33.515947] 3cdc  a9025bf5 aa0203f5 f104005f 54000328 b0005300 aa0103f6 d2804002 52819801
[   33.516673] 3cfc  f947e000 97cfdefc aa0003f4 b4000300 aa0003e1 2a1703e2 f9400660 97ffffa2
[   33.517398] 3d1c  aa1503e2 91039281 aa1603e0 97dfccf6 aa1403e0 97cfe51d a9425bf5 52800000
[   33.518125] 3d3c  f9401bf7 a94153f3 a8c47bfd d65f03c0 12800020 a9425bf5 f9401bf7 17fffffa
[   33.518850] 3d5c  12800000 f9401bf7 17fffff7 12800040 a9425bf5 f9401bf7 17fffff3 12800000
[   33.519577] 3d7c  17fffff1 aa1e03e9 d503201f f000ab02 aa0003e3 f9428440 91142042 b40001e0
[   33.520304] 3d9c  f9400444 b40001a4 39404042 34000162 f9400800 f100403f 540000c1 910c9001
[   33.521031] 3dbc  52800000 a9401424 a9001464 d65f03c0 12800020 d65f03c0 12800000 d65f03c0
[   33.521759] 3ddc  d503201f aa1e03e9 d503201f f000ab00 91142001 f9428400 b40000e0 f9400420
[   33.522485] 3dfc  b40000a0 39404020 34000080 f000ab00 91146000 d65f03c0 d2800000 d65f03c0
[   33.523213] 3e1c  d503201f aa1e03e9 d503201f b40003a0 a9bf7bfd 91084001 f000ab03 910003fd
[   33.523943] 3e3c  f9410802 eb01005f 54000240 91142064 d10d8042 aa0203e1 f9000482 b40000e1
[   33.524671] 3e5c* f9402841 f9028460 b4000101 f000ab00 91146000 97e00d5c 97fff917 52800000
[   33.525398] 3e7c  a8c17bfd d65f03c0 f9400041 17fffff8 91142061 d2800002 f9400421 17fffff0
[   33.526126] 3e9c  12800000 d65f03c0 aa1e03e9 d503201f f000ab00 91142000 a9007c1f a9017c1f
[   33.526853] 3ebc  a9027c1f d65f03c0 00000000 00000000 00000000 aa1e03e9 d503201f d503233f
[   33.527581] 3edc  d50323bf d65f03c0 aa1e03e9 d503201f aa0003e2 d503233f a9bf7bfd aa0103e0
[   33.528309] 3efc  90000001 910003fd f9411442 913d8021 97d0f49a a8c17bfd d50323bf d65f03c0
[   33.529036] 3f1c  d503201f aa1e03e9 d503201f aa0003e2 d503233f a9bf7bfd aa0103e0 b0000001
[   33.529765] 3f3c  910003fd f9411442 91004021 97d0f48b a8c17bfd d50323bf d65f03c0 d503201f
[   33.530493] 3f5c  d503201f aa1e03e9 d503201f d503233f a9bc7bfd 910003fd f9001bf7 90009f57
[   33.531220] 3f7c  912cc2f7 a90153f3 f0003634 a9025bf5 aa0003f5 aa1703e0 9412ab6f 91348294
[   33.531948] 3f9c  aa1503e0 b00050a1 9103a021 97d0f4a6 b00050b6 b00050a3 91008294 910402d6
[   33.532677] 3fbc  91030063 52800013 14000002 f8420683 11000673 2a1303e2 aa1603e1 aa1503e0
[   33.533405] 3fdc  97d0f736 7100ce7f 54ffff21 aa1703e0 9412a961 52800000 a94153f3 a9425bf5
[   33.534133] 3ffc  f9401bf7 a8c47bfd d50323bf d65f03c0 d503201f aa1e03e9 d503201f d503233f
[   33.534862] 401c  d101c3ff a9017bfd 910043fd a9035bf5 aa0003f5 a90253f3 f0009f34 912cc294
[   33.535590] 403c  a9056bf9 aa1403e0 a90673fb f9403aba 9412ab41 aa1403e0 f8420c1c eb00039f
[   33.536318] 
[   33.536318] LR: 0xffffffc008e07eac:
[   33.536752] 7cac  aa1803e0 52800015 97fffca3 a94153f3 a94363f7 a9446bf9 14000007 b9440382
[   33.537481] 7ccc  17ffffc9 a94153f3 2a0003f5 a94363f7 a9446bf9 d5384100 f9406fe1 f9428002
[   33.538209] 7cec  eb020021 d2800002 540001e1 2a1503e0 a9425bf5 a94573fb a8ce7bfd d50323bf
[   33.538938] 7d0c  d65f03c0 12800255 17fffff3 aa1503e3 aa1803e2 91002381 aa1703e0 97dfb732
[   33.539667] 7d2c  17ffff9c a90153f3 a90363f7 a9046bf9 9412cd3d f9400782 17ffffbe 90005100
[   33.540395] 7d4c  12800175 912e4000 9411ccdd a94153f3 a94363f7 a9446bf9 17ffffdf 90009fb7
[   33.541125] 7d6c  9111a2e0 91056017 90005119 f90047e0 9130c320 f90043e0 91151395 b9465380
[   33.541853] 7d8c  b9006fff b9406fe1 6b00003f 54fff742 b9401aa5 aa1503e4 f85f42a2 36180545
[   33.542581] 7dac  f000ab7b 9113e365 b85fc2a4 d349fc40 52819803 52800001 b94004a2 b90073e4
[   33.543309] 7dcc  51000442 f9003fe0 aa1703e0 f9004bf5 97e01946 2a0003e6 f9404be4 37fff5e0
[   33.544036] 7dec  b0005360 d2806e02 5281b801 b90093e6 f947e400 f9004fe4 97d00ebb b94093e6
[   33.544763] 7e0c  aa0003f6 f9404fe4 b5000e40 2a0603e1 aa1703e0 97e01a4c 17ffffa0 f9410316
[   33.545493] 7e2c  d10802d6 eb1802df 54000320 aa1603e0 9412af18 35fff320 f94102d6 d10802d6
[   33.546220] 7e4c  17fffff9 b40001a2 394052a3 d349fc42 f9400701 aa1c03e0 b85fc2bb 9101a021
[   33.546950] 7e6c  97fffe3d aa0003f6 b140041f 54000429 35fff140 b9465380 b9406fe1 9100a2b5
[   33.547677] 7e8c  11000421 b9006fe1 17ffffbf f9400380 b9434000 37b00060 aa1803e0 94002fde
[   33.548404] 7eac* f9429b96 b5000616 aa1403e0 52817701 97edc009 aa1403e0 52800021 97edc03a
[   33.549131] 7ecc  b942fb80 71000c1f 540007c0 52800001 aa1403e0 97edbc74 aa1403e0 97edb2f2
[   33.549858] 7eec  a94153f3 a94363f7 a9446bf9 17ffff7a b9022edb 91080000 91080305 9102e3f9
[   33.550585] 7f0c  f9410306 52800022 d2804001 aa1903e3 52800144 f90004c0 f90102c6 f90106c5
[   33.551312] 7f2c  f9010300 f94006c0 f9402000 97de8943 f9402a82 f94006c1 91003021 b4000102
[   33.552039] 7f4c  b9422ec4 aa1903e5 f94043e0 aa1a03e3 9411cc5b b9465380 17ffffc8 f9400282
[   33.552766] 7f6c  17fffff8 b942fb80 7100041f 54000168 911fa264 aa1c03e3 aa1603e2 90004d60
[   33.553494] 7f8c  52802001 9104a000 97dbeadf f9014300 b4fff8c0 b942fb80 35fff880 9123a264
[   33.554221] 7fac  aa1603e2 aa1c03e3 90005100 52802001 91314000 97dbeaac f9014700 17ffffbb
[   33.554948] 7fcc  a94153f3 a94363f7 a9446bf9 17ffff42 f9400380 b942f003 b40005f5 9102e3f9
[   33.555675] 7fec  d2800401 aa1903e0 90005102 912da042 b90093e6 97e05870 b94093e6 b944fb61
[   33.556403] 800c  910ba2c2 f94047e0 120c2c21 2a060021 b9029ac1 b94073e1 9102a004 d0ffffe3
[   33.557135] 802c  91390063 f90022d4 aa1603e0 f9002ad9 f90032c4 f90166c3 b90352c6 b90356c1
[   33.557864] 804c  f9004be2 97ed4c48 f9003ed6 f9404be2 f901aed8 911ba261 f9003be2 aa0203e0
[   33.558593] 806c  97d06d86 f90196df f9403be0 aa1603e1 97d0706d 34000160 aa1903e1 f00050e0
[   33.559321] 808c  912f6000 9411cc0e aa1603e0 97ed4cbf 17ffff02 d0004da4 91184084 17ffffd0
[   33.560051] 
[   33.560051] SP: 0xffffffc00b36b9b0:
[   33.560485] b7b0  00000000 00000000 68b66800 4b46e0c1 0b36b7e0 ffffffc0 0803887c ffffffc0
[   33.561212] b7d0  96000005 00000000 0b36b860 ffffffc0 0b36b820 ffffffc0 092b9cf0 ffffffc0
[   33.561941] b7f0  0b36b860 ffffffc0 96000005 00000000 0a2fa000 ffffffc0 00000050 00000000
[   33.562670] b810  0b36b860 ffffffc0 021ef400 ffffff81 0b36b850 ffffffc0 092ba02c ffffffc0
[   33.563397] b830  094d9f10 ffffffc0 ffffffff 0000007f 0b36b9b0 ffffffc0 08e13e5c ffffffc0
[   33.564125] b850  0b36b990 ffffffc0 08012408 ffffffc0 021ef400 ffffff81 02c85c00 ffffff81
[   33.564854] b870  00000000 00000000 0a376000 ffffffc0 00000000 00000000 80808080 80808080
[   33.565582] b890  80808080 80808080 fefefeff fefefefe 7f7f7f7f 7f7f7f7f 08e07eac ffffffc0
[   33.566309] b8b0  7f7f7f7f 7f7f7f7f 01010101 01010101 00000000 00000000 0a269db0 ffffffc0
[   33.567037] b8d0  0b36b878 ffffffc0 ffffffff ffffffff 00000c00 00000000 000000e9 00000000
[   33.567764] b8f0  00000020 00000000 094d9f10 ffffffc0 021f4008 ffffff81 00000000 00000000
[   33.568491] b910  021ef400 ffffff81 0a2c5d38 ffffffc0 021ef400 ffffff81 0000ffff 00000000
[   33.569218] b930  021f4390 ffffff81 0a1b24b8 ffffffc0 021f4000 ffffff81 0b36b9b0 ffffffc0
[   33.569947] b950  08e07eac ffffffc0 0b36b9b0 ffffffc0 08e13e5c ffffffc0 60c00009 00000000
[   33.570675] b970  0b36b990 ffffffc0 092b3b0c ffffffc0 ffffffff ffffffff 021f4008 ffffff81
[   33.571402] b990  0b36b9b0 ffffffc0 08e13e5c ffffffc0 094d9f10 ffffffc0 00000000 00000000
[   33.572131] b9b0* 0b36b9c0 ffffffc0 08e07eac ffffffc0 0b36baa0 ffffffc0 08df6818 ffffffc0
[   33.572859] b9d0  021f4008 ffffff81 0a36e360 ffffffc0 00000000 00000000 00000000 00000000
[   33.573586] b9f0  0a1fb468 ffffffc0 0a2ab730 ffffffc0 0000001c 00000000 096b6cc8 ffffffc0
[   33.574313] ba10  0a1b24b8 ffffffc0 01aa1100 ffffff81 09858df0 ffffffc0 089698a4 ffffffc0
[   33.575042] ba30  0b36ba70 ffffffc0 082bf488 ffffffc0 021f4008 ffffff81 00000000 00000000
[   33.575769] ba50  09858df0 ffffffc0 00000000 00000000 0a1fb468 392e3431 42694720 00000000
[   33.576497] ba70  0b36ba80 ffffffc0 08962918 ffffffc0 0b36bab0 ffffffc0 08963484 ffffffc0
[   33.577224] ba90  021f4008 ffffff81 68b66800 4b46e0c1 0b36bab0 ffffffc0 089634c0 ffffffc0
[   33.577952] bab0  0b36bb10 ffffffc0 08963d84 ffffffc0 021f4008 ffffff81 0a1fb468 ffffffc0
[   33.578679] bad0  0b36bbf8 ffffffc0 021f4008 ffffff81 0a36e318 ffffffc0 00000000 00000000
[   33.579407] baf0  0a1faba0 ffffffc0 096b6cc8 ffffffc0 01ea77c8 ffffff81 021f4008 ffffff81
[   33.580135] bb10  0b36bb40 ffffffc0 089640cc ffffffc0 00000001 00000000 0a1fb468 ffffffc0
[   33.580863] bb30  00000001 00000000 08960aa4 ffffffc0 0b36bb70 ffffffc0 08960ac0 ffffffc0
[   33.581591] bb50  00000000 00000000 0b36bbf8 ffffffc0 08963ff4 ffffffc0 00000001 00000000
[   33.582320] bb70  0b36bbc0 ffffffc0 08963974 ffffffc0 021f4008 ffffff81 021f4008 ffffff81
[   33.583049] bb90  021f4088 ffffff81 0896395c ffffffc0 021f4008 ffffff81 00e6c8c8 ffffff81
[   33.583779] 
[   33.583779] X0: 0xffffff81021ef400:
[   33.584213] f200  00000000 00000000 00000000 00000000 00000000 00000000 00000000 00000000
[   33.584941] f220  00000000 00000000 00000000 00000000 00000000 00000000 00000000 00000000
[   33.585667] f240  021ef240 ffffff81 021ef240 ffffff81 00000000 00000000 00000000 00000000
[   33.586395] f260  00000000 00000000 00000000 00000000 00000000 00000000 00000000 00000000
[   33.587123] f280  021ef280 ffffff81 021ef280 ffffff81 00000000 00000000 00000000 00000000
[   33.587850] f2a0  00000000 00000000 00000000 00000000 00000000 00000000 00000000 00000000
[   33.588579] f2c0  021ef2c0 ffffff81 021ef2c0 ffffff81 0a1f5460 ffffffc0 0a1f62c0 ffffffc0
[   33.589309] f2e0  00000000 00000000 00000000 00000000 00000000 00000000 00000000 00000000
[   33.590037] f300  fefc6d38 ffffff81 00b38200 ffffff81 00000000 00000000 0a1f6db0 ffffffc0
[   33.590764] f320  00000001 00000000 00000000 00000000 00000000 00000000 021ef338 ffffff81
[   33.591491] f340  021ef338 ffffff81 00b3a7c8 ffffff81 00b3a7c8 ffffff81 0a1f53f0 ffffffc0
[   33.592218] f360  02171b58 ffffff81 00000000 00000000 00000000 00000000 00000000 00000000
[   33.592946] f380  00000000 00000000 00000000 00000000 00000000 00000000 00000000 00000000
[   33.593673] f3a0  00000000 00000000 00000000 00000000 00000000 00000000 00000000 00000000
[   33.594400] f3c0  00000000 00000000 00000000 00000000 00000000 00000000 00000000 00000000
[   33.595129] f3e0  00000000 00000000 00000000 00000000 00000000 00000000 00000000 00000000
[   33.595856] f400* 021f4008 ffffff81 021f4800 ffffff81 021f4000 ffffff81 00000000 00000000
[   33.596584] f420  00810500 ffffff81 00000001 00000000 00000000 00000000 00000000 00000000
[   33.597311] f440  00000000 00000000 00000000 00000000 00000001 00000000 094daa10 ffffffc0
[   33.598039] f460  00000001 00000040 00000000 00000190 ffffffff 00000000 00000021 00000000
[   33.598766] f480  021ef410 ffffff81 00000000 00000000 00000000 00000000 00000000 00000000
[   33.599493] f4a0  00000000 00000000 00000000 00000000 00000000 00000000 00000000 00000000
[   33.600221] f4c0  00000000 00000000 00000000 00000000 00000000 00000000 00000000 00000000
[   33.600948] f4e0  00000000 00000000 00000000 00000000 00000000 00000000 00000000 00000000
[   33.601676] f500  00000000 00000000 00000000 00000000 00810480 ffffff81 00000000 00000000
[   33.602403] f520  00000000 00000000 021ef528 ffffff81 021ef528 ffffff81 02f905c0 ffffff81
[   33.603130] f540  02f905c0 ffffff81 021ef400 ffffff81 02f90000 ffffff81 00000000 00000000
[   33.603857] f560  00000000 00000000 00000000 00000000 00000000 00000000 ffffffe0 0000000f
[   33.604586] f580  021ef580 ffffff81 021ef580 ffffff81 08e0b540 ffffffc0 00000000 00000000
[   33.605315] f5a0  021ef5a0 ffffff81 021ef5a0 ffffff81 00000000 00000000 00000000 00000000
[   33.606043] f5c0  00000000 00000000 00000000 00000000 021ef5d0 ffffff81 021ef5d0 ffffff81
[   33.606772] f5e0  00000020 00000000 021ef5e8 ffffff81 021ef5e8 ffffff81 08e0aa10 ffffffc0
[   33.607500] 
[   33.607500] X1: 0xffffff8102c85c00:
[   33.607936] 5a00  00000000 00000000 00000000 00000000 00000000 00000000 00000000 00000000
[   33.608663] 5a20  00000000 00000000 00000000 00000000 00000000 00000000 00000000 00000000
[   33.609390] 5a40  00000000 00000000 00000000 00000000 00000000 00000000 00000000 00000000
[   33.610120] 5a60  00000000 00000000 00000000 00000000 00000000 00000000 00000000 00000000
[   33.610847] 5a80  02d2f000 ffffff81 00000000 00000000 00000000 00000000 00000000 00000000
[   33.611576] 5aa0  00000000 00000000 00000000 00000000 00000000 00000000 00000000 00000000
[   33.612303] 5ac0  00000000 00000000 00000000 00000000 00000000 00000000 00000000 00000000
[   33.613032] 5ae0  00000000 00000000 00000000 00000000 00000000 00000000 00000000 00000000
[   33.613759] 5b00  00000000 00000000 00000000 00000000 00000000 00000000 00000000 00000000
[   33.614488] 5b20  00000000 00000000 00000000 00000000 00000000 00000000 00000000 00000000
[   33.615215] 5b40  00000000 00000000 00000000 00000000 00000000 00000000 00000000 00000000
[   33.615944] 5b60  00000000 00000000 00000000 00000000 00000000 00000000 00000000 00000000
[   33.616670] 5b80  00000000 00000000 00000000 00000000 00000000 00000000 00000000 00000000
[   33.617397] 5ba0  00000000 00000000 00000000 00000000 00000000 00000000 00000000 00000000
[   33.618126] 5bc0  00000000 00000000 00000000 00000000 00000000 00000000 00000000 00000000
[   33.618852] 5be0  00000000 00000000 00000000 00000000 00000000 00000000 00000000 00000000
[   33.619579] 5c00* 023da180 ffffff81 02c87008 ffffff81 01e77810 ffffff81 01e77808 ffffff81
[   33.620306] 5c20  00362900 ffffff81 0a1b2018 ffffffc0 01eb7e00 ffffff81 00000004 00000007
[   33.621033] 5c40  01e77808 ffffff81 01eaec00 ffffff81 00000000 00000000 00000000 00000000
[   33.621762] 5c60  0a1fb510 ffffffc0 00000000 00000000 00000000 00000000 02c85c00 ffffff81
[   33.622490] 5c80  00000000 00000000 00000000 00000000 02c85c90 ffffff81 02c85c90 ffffff81
[   33.623217] 5ca0  02c85ca0 ffffff81 02c85ca0 ffffff81 02c85cb0 ffffff81 02c85cb0 ffffff81
[   33.623946] 5cc0  02c85cc0 ffffff81 02c85cc0 ffffff81 00000000 00000000 00000000 00000104
[   33.624673] 5ce0  00000000 00000000 02c870e8 ffffff81 01e778f0 ffffff81 ffffffff 00000000
[   33.625402] 5d00  00000000 00000000 02c85d08 ffffff81 02c85d08 ffffff81 00000000 00000000
[   33.626130] 5d20  00000004 00000000 02c85d28 ffffff81 00000000 00000000 00000000 00000000
[   33.626857] 5d40  00000000 00000000 00000000 00000000 08976fa0 ffffffc0 fef93140 ffffff81
[   33.627586] 5d60  00000000 00000000 00000000 00000000 ffffffe0 0000000f 02c85d78 ffffff81
[   33.628313] 5d80  02c85d78 ffffff81 08978084 ffffffc0 00000000 00000000 02c85d98 ffffff81
[   33.629040] 5da0  02c85d98 ffffff81 00000000 00000000 00000000 00000000 00000081 00000000
[   33.629769] 5dc0  00000000 00000002 00000000 00000000 00000000 00000000 00000000 00000000
[   33.630497] 5de0  00000000 00000000 00000000 00000000 00000000 00000000 00000000 00000000
[   33.631226] 
[   33.631226] X3: 0xffffffc00a376000:
[   33.631659] 5e00  0a1f2c40 ffffffc0 0a1f2c98 ffffffc0 0a1f2cf0 ffffffc0 0a1f2d48 ffffffc0
[   33.632387] 5e20  0a1f2da0 ffffffc0 0a1f2df8 ffffffc0 0a1f2e50 ffffffc0 0a1f2ea8 ffffffc0
[   33.633116] 5e40  0a1f2f00 ffffffc0 0a1f2f58 ffffffc0 0a1f2fb0 ffffffc0 0a1f3008 ffffffc0
[   33.633846] 5e60  0a1f3060 ffffffc0 0a1f30b8 ffffffc0 0a1f3110 ffffffc0 0a1f3168 ffffffc0
[   33.634573] 5e80  0a1f31c0 ffffffc0 0a1f3218 ffffffc0 0a1f3270 ffffffc0 0a1f32c8 ffffffc0
[   33.635301] 5ea0  0a1f3320 ffffffc0 0a1f3378 ffffffc0 0a1f33d0 ffffffc0 0a1f3428 ffffffc0
[   33.636029] 5ec0  0a1f3480 ffffffc0 0a1f34d8 ffffffc0 0a1f3530 ffffffc0 0a1f3588 ffffffc0
[   33.636757] 5ee0  0a1f35e0 ffffffc0 0a1f3638 ffffffc0 0a1f3690 ffffffc0 0a1f36e8 ffffffc0
[   33.637485] 5f00  0a1f3740 ffffffc0 0a1f3798 ffffffc0 0a1f37f0 ffffffc0 0a1f3848 ffffffc0
[   33.638212] 5f20  0a1f38a0 ffffffc0 0a1f38f8 ffffffc0 0a1f3950 ffffffc0 0a1f39a8 ffffffc0
[   33.638939] 5f40  0a1f3a00 ffffffc0 0a1f3a58 ffffffc0 0a1f3ab0 ffffffc0 0a1f3b08 ffffffc0
[   33.639669] 5f60  0a1f3b60 ffffffc0 0a1f3bb8 ffffffc0 0a1f3c10 ffffffc0 0a1f3c68 ffffffc0
[   33.640397] 5f80  0a1f3cc0 ffffffc0 0a1f3d18 ffffffc0 0a1f3d70 ffffffc0 0a1f3dc8 ffffffc0
[   33.641125] 5fa0  0a1f3e20 ffffffc0 0a1f3e78 ffffffc0 0a1f3ed0 ffffffc0 0a1f3f28 ffffffc0
[   33.641853] 5fc0  0a1f3f80 ffffffc0 0a1f3fd8 ffffffc0 0a1f4030 ffffffc0 0a1f4088 ffffffc0
[   33.642580] 5fe0  0a1f40e0 ffffffc0 0a1f4138 ffffffc0 0a1f4190 ffffffc0 0a1f41e8 ffffffc0
[   33.643307] 6000* 0a1f4240 ffffffc0 0a1f4298 ffffffc0 0a1f42f0 ffffffc0 0a1f4348 ffffffc0
[   33.644034] 6020  0a1f43a0 ffffffc0 0a1f43f8 ffffffc0 0a1f4450 ffffffc0 0a1f44a8 ffffffc0
[   33.644762] 6040  0a1f4500 ffffffc0 0a1f4558 ffffffc0 0a1f45b0 ffffffc0 0a1f4608 ffffffc0
[   33.645491] 6060  0a1f4660 ffffffc0 0a1f46b8 ffffffc0 0a1f4710 ffffffc0 00000000 00000000
[   33.646217] 6080  00000000 00000000 00000000 00000000 00000000 00000000 00000000 00000000
[   33.646945] 60a0  00000000 00000000 00000000 00000000 00000000 00000000 00000000 00000000
[   33.647673] 60c0  00000000 00000000 00000000 00000000 00000000 00000000 00000000 00000000
[   33.648401] 60e0  00000000 00000000 00000000 00000000 00000000 00000000 00000000 00000000
[   33.649128] 6100  00000000 00000000 00000000 00000000 00000000 00000000 00000000 00000000
[   33.649855] 6120  00000000 00000000 00000000 00000000 0a1f6700 ffffffc0 00000000 00000000
[   33.650584] 6140  00000000 00000000 00000001 00000000 00e3c900 ffffff81 00e2b400 ffffff81
[   33.651311] 6160  0f300000 00000000 00000000 00000000 00000000 00000000 094d3708 ffffffc0
[   33.652038] 6180  00000000 00000000 00000000 00000000 00000000 00000000 00000000 00000000
[   33.652767] 61a0  094d37d0 ffffffc0 00000000 00000000 00000000 00000000 00000000 00000000
[   33.653496] 61c0  00000000 00000000 00000000 00000000 00000000 00000000 00000000 00000000
[   33.654224] 61e0  00000000 00000000 00405300 ffffff81 0a1f8f60 ffffffc0 00adac80 ffffff81
[   33.654955] 
[   33.654955] X9: 0xffffffc008e07eac:
[   33.655390] 7cac  aa1803e0 52800015 97fffca3 a94153f3 a94363f7 a9446bf9 14000007 b9440382
[   33.656118] 7ccc  17ffffc9 a94153f3 2a0003f5 a94363f7 a9446bf9 d5384100 f9406fe1 f9428002
[   33.656847] 7cec  eb020021 d2800002 540001e1 2a1503e0 a9425bf5 a94573fb a8ce7bfd d50323bf
[   33.657575] 7d0c  d65f03c0 12800255 17fffff3 aa1503e3 aa1803e2 91002381 aa1703e0 97dfb732
[   33.658304] 7d2c  17ffff9c a90153f3 a90363f7 a9046bf9 9412cd3d f9400782 17ffffbe 90005100
[   33.659034] 7d4c  12800175 912e4000 9411ccdd a94153f3 a94363f7 a9446bf9 17ffffdf 90009fb7
[   33.659762] 7d6c  9111a2e0 91056017 90005119 f90047e0 9130c320 f90043e0 91151395 b9465380
[   33.660489] 7d8c  b9006fff b9406fe1 6b00003f 54fff742 b9401aa5 aa1503e4 f85f42a2 36180545
[   33.661217] 7dac  f000ab7b 9113e365 b85fc2a4 d349fc40 52819803 52800001 b94004a2 b90073e4
[   33.661945] 7dcc  51000442 f9003fe0 aa1703e0 f9004bf5 97e01946 2a0003e6 f9404be4 37fff5e0
[   33.662672] 7dec  b0005360 d2806e02 5281b801 b90093e6 f947e400 f9004fe4 97d00ebb b94093e6
[   33.663399] 7e0c  aa0003f6 f9404fe4 b5000e40 2a0603e1 aa1703e0 97e01a4c 17ffffa0 f9410316
[   33.664128] 7e2c  d10802d6 eb1802df 54000320 aa1603e0 9412af18 35fff320 f94102d6 d10802d6
[   33.664859] 7e4c  17fffff9 b40001a2 394052a3 d349fc42 f9400701 aa1c03e0 b85fc2bb 9101a021
[   33.665587] 7e6c  97fffe3d aa0003f6 b140041f 54000429 35fff140 b9465380 b9406fe1 9100a2b5
[   33.666314] 7e8c  11000421 b9006fe1 17ffffbf f9400380 b9434000 37b00060 aa1803e0 94002fde
[   33.667044] 7eac* f9429b96 b5000616 aa1403e0 52817701 97edc009 aa1403e0 52800021 97edc03a
[   33.667772] 7ecc  b942fb80 71000c1f 540007c0 52800001 aa1403e0 97edbc74 aa1403e0 97edb2f2
[   33.668500] 7eec  a94153f3 a94363f7 a9446bf9 17ffff7a b9022edb 91080000 91080305 9102e3f9
[   33.669228] 7f0c  f9410306 52800022 d2804001 aa1903e3 52800144 f90004c0 f90102c6 f90106c5
[   33.669955] 7f2c  f9010300 f94006c0 f9402000 97de8943 f9402a82 f94006c1 91003021 b4000102
[   33.670684] 7f4c  b9422ec4 aa1903e5 f94043e0 aa1a03e3 9411cc5b b9465380 17ffffc8 f9400282
[   33.671412] 7f6c  17fffff8 b942fb80 7100041f 54000168 911fa264 aa1c03e3 aa1603e2 90004d60
[   33.672140] 7f8c  52802001 9104a000 97dbeadf f9014300 b4fff8c0 b942fb80 35fff880 9123a264
[   33.672870] 7fac  aa1603e2 aa1c03e3 90005100 52802001 91314000 97dbeaac f9014700 17ffffbb
[   33.673598] 7fcc  a94153f3 a94363f7 a9446bf9 17ffff42 f9400380 b942f003 b40005f5 9102e3f9
[   33.674327] 7fec  d2800401 aa1903e0 90005102 912da042 b90093e6 97e05870 b94093e6 b944fb61
[   33.675054] 800c  910ba2c2 f94047e0 120c2c21 2a060021 b9029ac1 b94073e1 9102a004 d0ffffe3
[   33.675782] 802c  91390063 f90022d4 aa1603e0 f9002ad9 f90032c4 f90166c3 b90352c6 b90356c1
[   33.676509] 804c  f9004be2 97ed4c48 f9003ed6 f9404be2 f901aed8 911ba261 f9003be2 aa0203e0
[   33.677238] 806c  97d06d86 f90196df f9403be0 aa1603e1 97d0706d 34000160 aa1903e1 f00050e0
[   33.677965] 808c  912f6000 9411cc0e aa1603e0 97ed4cbf 17ffff02 d0004da4 91184084 17ffffd0
[   33.678696] 
[   33.678696] X13: 0xffffffc00a269db0:
[   33.679139] 9bb0  00000000 00000000 00000000 00000000 00000000 00000000 00000000 00000000
[   33.679866] 9bd0  00000000 00000000 00000000 00000000 00000000 00000000 00000000 00000000
[   33.680593] 9bf0  00000000 00000000 00000000 00000000 000005a0 00000000 00000991 00000000
[   33.681321] 9c10  00000d82 00000000 00000000 00000000 00000000 00000000 00000000 00000000
[   33.682049] 9c30  00000000 00000000 00000000 00000000 00000000 00000000 0a268f80 ffffffc0
[   33.682779] 9c50  09a93980 ffffffc0 00100000 00000000 000f66d2 00000000 00100000 00000000
[   33.683506] 9c70  00100000 00000000 00000000 00000000 096caac0 ffffffc0 00000000 00000000
[   33.684233] 9c90  00000001 00000000 00000000 00000000 00000000 00000000 00000000 00000000
[   33.684959] 9cb0  00000000 00000000 00000000 00000000 0a269cc0 ffffffc0 0a269cc0 ffffffc0
[   33.685686] 9cd0  07db9ac8 ffffffff 07db9ac8 ffffffff 0a269ce0 ffffffc0 0a269ce0 ffffffc0
[   33.686413] 9cf0  0a269cf0 ffffffc0 0a269cf0 ffffffc0 0a269d00 ffffffc0 0a269d00 ffffffc0
[   33.687140] 9d10  0a269d10 ffffffc0 0a269d10 ffffffc0 00000001 00000000 03eb3688 ffffffff
[   33.687867] 9d30  03eb3688 ffffffff 0a269d38 ffffffc0 0a269d38 ffffffc0 03e9fd88 ffffffff
[   33.688595] 9d50  03e9fd88 ffffffff 0a269d58 ffffffc0 0a269d58 ffffffc0 0a269d68 ffffffc0
[   33.689322] 9d70  0a269d68 ffffffc0 0a269d78 ffffffc0 0a269d78 ffffffc0 00000002 00000000
[   33.690051] 9d90  0a269d90 ffffffc0 0a269d90 ffffffc0 07db9b08 ffffffff 07db9b08 ffffffff
[   33.690777] 9db0* 03ea2d08 ffffffff 03ea2d08 ffffffff 0a269dc0 ffffffc0 0a269dc0 ffffffc0
[   33.691504] 9dd0  0a269dd0 ffffffc0 0a269dd0 ffffffc0 0a269de0 ffffffc0 0a269de0 ffffffc0
[   33.692233] 9df0  00000002 00000000 03ec3208 ffffffff 03ec3208 ffffffff 0a269e08 ffffffc0
[   33.692960] 9e10  0a269e08 ffffffc0 03ea2e08 ffffffff 03ea2e08 ffffffff 0a269e28 ffffffc0
[   33.693687] 9e30  0a269e28 ffffffc0 0a269e38 ffffffc0 0a269e38 ffffffc0 0a269e48 ffffffc0
[   33.694415] 9e50  0a269e48 ffffffc0 00000002 00000000 03ec3408 ffffffff 03ec3408 ffffffff
[   33.695144] 9e70  07db9c08 ffffffff 07db9c08 ffffffff 0a269e80 ffffffc0 0a269e80 ffffffc0
[   33.695873] 9e90  0a269e90 ffffffc0 0a269e90 ffffffc0 0a269ea0 ffffffc0 0a269ea0 ffffffc0
[   33.696601] 9eb0  0a269eb0 ffffffc0 0a269eb0 ffffffc0 00000002 00000000 03ec3808 ffffffff
[   33.697329] 9ed0  03ec3808 ffffffff 0a269ed8 ffffffc0 0a269ed8 ffffffc0 0a269ee8 ffffffc0
[   33.698058] 9ef0  0a269ee8 ffffffc0 0a269ef8 ffffffc0 0a269ef8 ffffffc0 0a269f08 ffffffc0
[   33.698786] 9f10  0a269f08 ffffffc0 0a269f18 ffffffc0 0a269f18 ffffffc0 00000001 00000000
[   33.699513] 9f30  0a269f30 ffffffc0 0a269f30 ffffffc0 0a269f40 ffffffc0 0a269f40 ffffffc0
[   33.700240] 9f50  03ea3008 ffffffff 03ea3008 ffffffff 0a269f60 ffffffc0 0a269f60 ffffffc0
[   33.700969] 9f70  0a269f70 ffffffc0 0a269f70 ffffffc0 0a269f80 ffffffc0 0a269f80 ffffffc0
[   33.701699] 9f90  00000001 00000000 0a269f98 ffffffc0 0a269f98 ffffffc0 0a269fa8 ffffffc0
[   33.702430] 
[   33.702430] X14: 0xffffffc00b36b878:
[   33.702872] b678  096b5e98 ffffffc0 0b36b860 ffffffc0 96000005 00000000 0000ffff 00000000
[   33.703600] b698  021f4390 ffffff81 00000000 00000000 0a072940 ffffffc0 0b36b6f0 ffffffc0
[   33.704330] b6b8  08037f38 ffffffc0 96000005 00000000 00000050 00000000 0b36b860 ffffffc0
[   33.705058] b6d8  096b5e98 ffffffc0 0b36b860 ffffffc0 68b66800 4b46e0c1 0b36b720 ffffffc0
[   33.705785] b6f8  08037ff8 ffffffc0 96000005 00000000 0b36b860 ffffffc0 00000025 00000000
[   33.706514] b718  00000050 00000000 0b36b750 ffffffc0 08038298 ffffffc0 00000050 00000000
[   33.707241] b738  00000050 00000000 00000000 00000000 092da078 ffffffc0 0b36b7c0 ffffffc0
[   33.707968] b758  0803862c ffffffc0 00000050 00000000 0b36b860 ffffffc0 00000050 00000000
[   33.708695] b778  092da078 ffffffc0 60c00009 00000000 021ef400 ffffff81 0b36b7e0 ffffffc0
[   33.709422] b798  082b9e6c ffffffc0 00d65500 ffffff81 0023c580 ffffff81 00000000 00000000
[   33.710152] b7b8  68b66800 4b46e0c1 0b36b7e0 ffffffc0 0803887c ffffffc0 96000005 00000000
[   33.710880] b7d8  0b36b860 ffffffc0 0b36b820 ffffffc0 092b9cf0 ffffffc0 0b36b860 ffffffc0
[   33.711607] b7f8  96000005 00000000 0a2fa000 ffffffc0 00000050 00000000 0b36b860 ffffffc0
[   33.712335] b818  021ef400 ffffff81 0b36b850 ffffffc0 092ba02c ffffffc0 094d9f10 ffffffc0
[   33.713062] b838  ffffffff 0000007f 0b36b9b0 ffffffc0 08e13e5c ffffffc0 0b36b990 ffffffc0
[   33.713791] b858  08012408 ffffffc0 021ef400 ffffff81 02c85c00 ffffff81 00000000 00000000
[   33.714518] b878* 0a376000 ffffffc0 00000000 00000000 80808080 80808080 80808080 80808080
[   33.715246] b898  fefefeff fefefefe 7f7f7f7f 7f7f7f7f 08e07eac ffffffc0 7f7f7f7f 7f7f7f7f
[   33.715976] b8b8  01010101 01010101 00000000 00000000 0a269db0 ffffffc0 0b36b878 ffffffc0
[   33.716704] b8d8  ffffffff ffffffff 00000c00 00000000 000000e9 00000000 00000020 00000000
[   33.717431] b8f8  094d9f10 ffffffc0 021f4008 ffffff81 00000000 00000000 021ef400 ffffff81
[   33.718158] b918  0a2c5d38 ffffffc0 021ef400 ffffff81 0000ffff 00000000 021f4390 ffffff81
[   33.718885] b938  0a1b24b8 ffffffc0 021f4000 ffffff81 0b36b9b0 ffffffc0 08e07eac ffffffc0
[   33.719612] b958  0b36b9b0 ffffffc0 08e13e5c ffffffc0 60c00009 00000000 0b36b990 ffffffc0
[   33.720341] b978  092b3b0c ffffffc0 ffffffff ffffffff 021f4008 ffffff81 0b36b9b0 ffffffc0
[   33.721069] b998  08e13e5c ffffffc0 094d9f10 ffffffc0 00000000 00000000 0b36b9c0 ffffffc0
[   33.721798] b9b8  08e07eac ffffffc0 0b36baa0 ffffffc0 08df6818 ffffffc0 021f4008 ffffff81
[   33.722526] b9d8  0a36e360 ffffffc0 00000000 00000000 00000000 00000000 0a1fb468 ffffffc0
[   33.723252] b9f8  0a2ab730 ffffffc0 0000001c 00000000 096b6cc8 ffffffc0 0a1b24b8 ffffffc0
[   33.723980] ba18  01aa1100 ffffff81 09858df0 ffffffc0 089698a4 ffffffc0 0b36ba70 ffffffc0
[   33.724710] ba38  082bf488 ffffffc0 021f4008 ffffff81 00000000 00000000 09858df0 ffffffc0
[   33.725438] ba58  00000000 00000000 0a1fb468 392e3431 42694720 00000000 0b36ba80 ffffffc0
[   33.726168] 
[   33.726168] X19: 0xffffffc0094d9f10:
[   33.726608] 9d10  00000000 00000000 00000000 00000000 00000000 00000000 00000000 00000000
[   33.727339] 9d30  00000000 00000000 00000000 00000000 00000000 00000000 00000000 00000000
[   33.728068] 9d50  00000000 00000000 00000000 00000000 00000000 00000000 00000000 00000000
[   33.728797] 9d70  00000000 00000000 08e06380 ffffffc0 00000000 00000000 00000000 00000000
[   33.729525] 9d90  00000000 00000000 00000000 00000000 00000000 00000000 00000000 00000000
[   33.730254] 9db0  00000000 00000000 00000000 00000000 2d636d6d 73727770 652d7165 00636d6d
[   33.730981] 9dd0  00000000 00000000 00000000 00000000 00000000 00000000 00000000 00000000
[   33.731709] 9df0  00000000 00000000 00000000 00000000 00000000 00000000 00000000 00000000
[   33.732438] 9e10  00000000 00000000 00000000 00000000 00000000 00000000 00000000 00000000
[   33.733166] 9e30  00000000 00000000 00000000 00000000 00000000 00000000 00000000 00000000
[   33.733892] 9e50  00000000 00000000 00000000 00000000 00000000 00000000 00000000 00000000
[   33.734621] 9e70  00000000 00000000 00000000 00000000 00000000 00000000 00000000 00000000
[   33.735350] 9e90  00000000 00000000 00000000 00000000 00000000 00000000 00000000 00000000
[   33.736078] 9eb0  00000000 00000000 00000000 00000000 00000000 00000000 00000000 00000000
[   33.736806] 9ed0  00000000 00000000 00000000 00000000 00000000 00000000 00000000 00000000
[   33.737534] 9ef0  00000000 00000000 00000000 00000000 00000000 00000000 00000000 00000000
[   33.738260] 9f10* 64726163 7375625f 65645f79 74636574 00000000 00000000 00000000 00000000
[   33.738989] 9f30  08e08b00 ffffffc0 08e06ff0 ffffffc0 00000000 00000000 08e0a404 ffffffc0
[   33.739718] 9f50  08e0a570 ffffffc0 00000000 00000000 00000000 00000000 00000000 00000000
[   33.740445] 9f70  08e06564 ffffffc0 00000000 00000000 00000000 00000000 00000000 00000000
[   33.741172] 9f90  00000000 00000000 00000000 00000000 09827de0 ffffffc0 00000000 00000000
[   33.741898] 9fb0  ffffffff ffffffff 00000002 ffff0100 0000ffff ffffffff 08e06500 ffffffc0
[   33.742625] 9fd0  00000040 00000000 09827de8 ffffffc0 00000000 00000000 ffffffff ffffffff
[   33.743353] 9ff0  00000002 ffff0100 0000ffff ffffffff 08e06500 ffffffc0 00000040 00000000
[   33.744081] a010  09827df0 ffffffc0 00000000 00000000 ffffffff ffffffff 00000002 ffff0100
[   33.744810] a030  0000ffff ffffffff 08e06500 ffffffc0 00000040 00000000 09827df8 ffffffc0
[   33.745537] a050  00000000 00000000 ffffffff ffffffff 00000002 ffff0100 0000ffff ffffffff
[   33.746266] a070  08e06500 ffffffc0 00000040 00000000 09827e00 ffffffc0 00000000 00000000
[   33.746994] a090  ffffffff ffffffff 00000002 ffff0100 0000ffff ffffffff 08e06500 ffffffc0
[   33.747722] a0b0  00000040 00000000 09827e08 ffffffc0 00000000 00000000 ffffffff ffffffff
[   33.748450] a0d0  00000002 ffffffff 0000ffff ffffffff 08e06520 ffffffc0 00000080 00000000
[   33.749177] a0f0  09827e10 ffffffc0 00000000 00000000 ffffffff ffffffff 00000002 ffffffff
[   33.749908] 
[   33.749908] X20: 0xffffff81021f4008:
[   33.750351] 3e08  00000000 00000000 00000000 00000000 00000000 00000000 00000000 00000000
[   33.751078] 3e28  00000000 00000000 00000000 00000000 00000000 00000000 00000000 00000000
[   33.751807] 3e48  00000000 00000000 00000000 00000000 00000000 00000000 00000000 00000000
[   33.752534] 3e68  00000000 00000000 00000000 00000000 00000000 00000000 00000000 00000000
[   33.753263] 3e88  00000000 00000000 00000000 00000000 00000000 00000000 00000000 00000000
[   33.753990] 3ea8  00000000 00000000 00000000 00000000 00000000 00000000 00000000 00000000
[   33.754721] 3ec8  00000000 00000000 00000000 00000000 00000000 00000000 00000000 00000000
[   33.755447] 3ee8  00000000 00000000 00000000 00000000 00000000 00000000 00000000 00000000
[   33.756176] 3f08  00000000 00000000 00000000 00000000 00000000 00000000 00000000 00000000
[   33.756904] 3f28  00000000 00000000 00000000 00000000 00000000 00000000 00000000 00000000
[   33.757632] 3f48  00000000 00000000 00000000 00000000 00000000 00000000 00000000 00000000
[   33.758358] 3f68  00000000 00000000 00000000 00000000 00000000 00000000 00000000 00000000
[   33.759085] 3f88  00000000 00000000 00000000 00000000 00000000 00000000 00000000 00000000
[   33.759812] 3fa8  00000000 00000000 00000000 00000000 00000000 00000000 00000000 00000000
[   33.760538] 3fc8  00000000 00000000 00000000 00000000 00000000 00000000 00000000 00000000
[   33.761265] 3fe8  00000000 00000000 00000000 00000000 00000000 00000000 01f45000 ffffff81
[   33.761993] 4008* 00810080 ffffff81 02fa1c08 ffffff81 02172c08 ffffff81 01f45008 ffffff81
[   33.762722] 4028  00362900 ffffff81 0a1b2018 ffffffc0 00b36e00 ffffff81 00000005 00000007
[   33.763449] 4048  01f45008 ffffff81 00b3ab00 ffffff81 00000000 00000000 0a1faba0 ffffffc0
[   33.764176] 4068  0a1fa508 ffffffc0 0a1fb468 ffffffc0 00000000 00000000 021ef400 ffffff81
[   33.764904] 4088  00d5c600 ffffff81 00000000 00000000 021f4098 ffffff81 021f4098 ffffff81
[   33.765631] 40a8  021f40a8 ffffff81 021f40a8 ffffff81 021f40b8 ffffff81 021f40b8 ffffff81
[   33.766359] 40c8  021f40c8 ffffff81 021f40c8 ffffff81 00000001 00000000 00000000 00000106
[   33.767086] 40e8  00000000 00000000 02fa1ce8 ffffff81 02172ce8 ffffff81 ffffffff 00000000
[   33.767816] 4108  00000000 00000000 021f4110 ffffff81 021f4110 ffffff81 00000000 00000000
[   33.768543] 4128  00000000 00000000 021f4130 ffffff81 00000000 00000000 00000000 00000000
[   33.769272] 4148  00000000 00000000 00000000 00000000 08976fa0 ffffffc0 fef57140 ffffff81
[   33.769998] 4168  00000000 00000000 00000000 00000000 ffffffe0 0000000f 021f4180 ffffff81
[   33.770727] 4188  021f4180 ffffff81 08978084 ffffffc0 00000000 00000000 021f41a0 ffffff81
[   33.771455] 41a8  021f41a0 ffffff81 00000000 00000000 00000000 00000000 00002081 00000000
[   33.772182] 41c8  00000000 00000002 00000000 00000000 8ec3be4a 00000000 00000000 00000000
[   33.772908] 41e8  00000000 00000000 00000000 00000000 00000000 00000000 00000000 00000000
[   33.773637] 
[   33.773637] X22: 0xffffff81021ef400:
[   33.774079] f200  00000000 00000000 00000000 00000000 00000000 00000000 00000000 00000000
[   33.774807] f220  00000000 00000000 00000000 00000000 00000000 00000000 00000000 00000000
[   33.775534] f240  021ef240 ffffff81 021ef240 ffffff81 00000000 00000000 00000000 00000000
[   33.776262] f260  00000000 00000000 00000000 00000000 00000000 00000000 00000000 00000000
[   33.776990] f280  021ef280 ffffff81 021ef280 ffffff81 00000000 00000000 00000000 00000000
[   33.777718] f2a0  00000000 00000000 00000000 00000000 00000000 00000000 00000000 00000000
[   33.778446] f2c0  021ef2c0 ffffff81 021ef2c0 ffffff81 0a1f5460 ffffffc0 0a1f62c0 ffffffc0
[   33.779175] f2e0  00000000 00000000 00000000 00000000 00000000 00000000 00000000 00000000
[   33.779903] f300  fefc6d38 ffffff81 00b38200 ffffff81 00000000 00000000 0a1f6db0 ffffffc0
[   33.780631] f320  00000001 00000000 00000000 00000000 00000000 00000000 021ef338 ffffff81
[   33.781358] f340  021ef338 ffffff81 00b3a7c8 ffffff81 00b3a7c8 ffffff81 0a1f53f0 ffffffc0
[   33.782087] f360  02171b58 ffffff81 00000000 00000000 00000000 00000000 00000000 00000000
[   33.782815] f380  00000000 00000000 00000000 00000000 00000000 00000000 00000000 00000000
[   33.783543] f3a0  00000000 00000000 00000000 00000000 00000000 00000000 00000000 00000000
[   33.784269] f3c0  00000000 00000000 00000000 00000000 00000000 00000000 00000000 00000000
[   33.784996] f3e0  00000000 00000000 00000000 00000000 00000000 00000000 00000000 00000000
[   33.785724] f400* 021f4008 ffffff81 021f4800 ffffff81 021f4000 ffffff81 00000000 00000000
[   33.786452] f420  00810500 ffffff81 00000001 00000000 00000000 00000000 00000000 00000000
[   33.787180] f440  00000000 00000000 00000000 00000000 00000001 00000000 094daa10 ffffffc0
[   33.787908] f460  00000001 00000040 00000000 00000190 ffffffff 00000000 00000021 00000000
[   33.788639] f480  021ef410 ffffff81 00000000 00000000 00000000 00000000 00000000 00000000
[   33.789367] f4a0  00000000 00000000 00000000 00000000 00000000 00000000 00000000 00000000
[   33.790094] f4c0  00000000 00000000 00000000 00000000 00000000 00000000 00000000 00000000
[   33.790822] f4e0  00000000 00000000 00000000 00000000 00000000 00000000 00000000 00000000
[   33.791550] f500  00000000 00000000 00000000 00000000 00810480 ffffff81 00000000 00000000
[   33.792277] f520  00000000 00000000 021ef528 ffffff81 021ef528 ffffff81 02f905c0 ffffff81
[   33.793004] f540  02f905c0 ffffff81 021ef400 ffffff81 02f90000 ffffff81 00000000 00000000
[   33.793731] f560  00000000 00000000 00000000 00000000 00000000 00000000 ffffffe0 0000000f
[   33.794460] f580  021ef580 ffffff81 021ef580 ffffff81 08e0b540 ffffffc0 00000000 00000000
[   33.795188] f5a0  021ef5a0 ffffff81 021ef5a0 ffffff81 00000000 00000000 00000000 00000000
[   33.795915] f5c0  00000000 00000000 00000000 00000000 021ef5d0 ffffff81 021ef5d0 ffffff81
[   33.796644] f5e0  00000020 00000000 021ef5e8 ffffff81 021ef5e8 ffffff81 08e0aa10 ffffffc0
[   33.797373] 
[   33.797373] X23: 0xffffffc00a2c5d38:
[   33.797816] 5b38  094d97c8 ffffffc0 09827390 ffffffc0 09827300 ffffffc0 00000087 00000000
[   33.798544] 5b58  09825918 ffffffc0 094d97e0 ffffffc0 09827390 ffffffc0 09827328 ffffffc0
[   33.799273] 5b78  00000044 00000000 09825918 ffffffc0 094d97e0 ffffffc0 09827390 ffffffc0
[   33.800002] 5b98  09827348 ffffffc0 0000005d 00000000 09825918 ffffffc0 094d97e0 ffffffc0
[   33.800730] 5bb8  09827390 ffffffc0 09827368 ffffffc0 00000062 00000000 09825918 ffffffc0
[   33.801458] 5bd8  094d9830 ffffffc0 09827508 ffffffc0 098273b0 ffffffc0 00000027 00000000
[   33.802186] 5bf8  09825918 ffffffc0 094d9810 ffffffc0 09827508 ffffffc0 09827430 ffffffc0
[   33.802915] 5c18  0000009d 00000000 09825918 ffffffc0 094d9810 ffffffc0 09827508 ffffffc0
[   33.803643] 5c38  09827468 ffffffc0 000000da 00000000 09825918 ffffffc0 094d97f8 ffffffc0
[   33.804371] 5c58  09827508 ffffffc0 09827490 ffffffc0 0000015e 00000000 09825918 ffffffc0
[   33.805098] 5c78  094d9820 ffffffc0 09827508 ffffffc0 098274b0 ffffffc0 00000133 00000000
[   33.805827] 5c98  09825918 ffffffc0 094d9820 ffffffc0 09827508 ffffffc0 098274d0 ffffffc0
[   33.806555] 5cb8  00000136 00000000 09825918 ffffffc0 094d9848 ffffffc0 09827638 ffffffc0
[   33.807282] 5cd8  09827598 ffffffc0 000000c8 00000000 09825918 ffffffc0 094d9860 ffffffc0
[   33.808010] 5cf8  09827638 ffffffc0 098275d8 ffffffc0 00000100 00000000 09825918 ffffffc0
[   33.808738] 5d18  094d9860 ffffffc0 09827638 ffffffc0 09827618 ffffffc0 0000010c 00000000
[   33.809466] 5d38* 09827da0 ffffffc0 094da910 ffffffc0 09826a00 ffffffc0 09826600 ffffffc0
[   33.810194] 5d58  000000bf 00000000 09827da0 ffffffc0 094da928 ffffffc0 09827db0 ffffffc0
[   33.810921] 5d78  09827cf8 ffffffc0 000005c3 00000000 09827da0 ffffffc0 094da928 ffffffc0
[   33.811650] 5d98  09827db0 ffffffc0 09827d10 ffffffc0 000005ca 00000000 09829550 ffffffc0
[   33.812377] 5db8  094db6d8 ffffffc0 09829fa8 ffffffc0 098292e0 ffffffc0 000003d4 00000000
[   33.813106] 5dd8  09829550 ffffffc0 094db5f8 ffffffc0 09829fa8 ffffffc0 09829630 ffffffc0
[   33.813835] 5df8  00000f1b 00000000 09829550 ffffffc0 094db610 ffffffc0 09829fa8 ffffffc0
[   33.814563] 5e18  09829668 ffffffc0 00000f03 00000000 09829550 ffffffc0 094db6c0 ffffffc0
[   33.815292] 5e38  09829fa8 ffffffc0 098296a0 ffffffc0 00000463 00000000 09829550 ffffffc0
[   33.816021] 5e58  094db6c0 ffffffc0 09829fa8 ffffffc0 098296e0 ffffffc0 00000469 00000000
[   33.816748] 5e78  09829550 ffffffc0 094db6a8 ffffffc0 09829fa8 ffffffc0 09829770 ffffffc0
[   33.817477] 5e98  00000ade 00000000 09829550 ffffffc0 094db698 ffffffc0 09829fa8 ffffffc0
[   33.818204] 5eb8  09829840 ffffffc0 00000d7a 00000000 09829550 ffffffc0 094db680 ffffffc0
[   33.818931] 5ed8  09829fa8 ffffffc0 098298b8 ffffffc0 000006fd 00000000 09829550 ffffffc0
[   33.819659] 5ef8  094db640 ffffffc0 09829fa8 ffffffc0 098299f0 ffffffc0 000001f5 00000000
[   33.820389] 5f18  09829550 ffffffc0 094db628 ffffffc0 09829fa8 ffffffc0 09829a08 ffffffc0
[   33.821120] 
[   33.821120] X24: 0xffffff81021ef400:
[   33.821562] f200  00000000 00000000 00000000 00000000 00000000 00000000 00000000 00000000
[   33.822288] f220  00000000 00000000 00000000 00000000 00000000 00000000 00000000 00000000
[   33.823016] f240  021ef240 ffffff81 021ef240 ffffff81 00000000 00000000 00000000 00000000
[   33.823743] f260  00000000 00000000 00000000 00000000 00000000 00000000 00000000 00000000
[   33.824470] f280  021ef280 ffffff81 021ef280 ffffff81 00000000 00000000 00000000 00000000
[   33.825199] f2a0  00000000 00000000 00000000 00000000 00000000 00000000 00000000 00000000
[   33.825925] f2c0  021ef2c0 ffffff81 021ef2c0 ffffff81 0a1f5460 ffffffc0 0a1f62c0 ffffffc0
[   33.826654] f2e0  00000000 00000000 00000000 00000000 00000000 00000000 00000000 00000000
[   33.827381] f300  fefc6d38 ffffff81 00b38200 ffffff81 00000000 00000000 0a1f6db0 ffffffc0
[   33.828109] f320  00000001 00000000 00000000 00000000 00000000 00000000 021ef338 ffffff81
[   33.828838] f340  021ef338 ffffff81 00b3a7c8 ffffff81 00b3a7c8 ffffff81 0a1f53f0 ffffffc0
[   33.829566] f360  02171b58 ffffff81 00000000 00000000 00000000 00000000 00000000 00000000
[   33.830293] f380  00000000 00000000 00000000 00000000 00000000 00000000 00000000 00000000
[   33.831021] f3a0  00000000 00000000 00000000 00000000 00000000 00000000 00000000 00000000
[   33.831747] f3c0  00000000 00000000 00000000 00000000 00000000 00000000 00000000 00000000
[   33.832477] f3e0  00000000 00000000 00000000 00000000 00000000 00000000 00000000 00000000
[   33.833204] f400* 021f4008 ffffff81 021f4800 ffffff81 021f4000 ffffff81 00000000 00000000
[   33.833932] f420  00810500 ffffff81 00000001 00000000 00000000 00000000 00000000 00000000
[   33.834662] f440  00000000 00000000 00000000 00000000 00000001 00000000 094daa10 ffffffc0
[   33.835390] f460  00000001 00000040 00000000 00000190 ffffffff 00000000 00000021 00000000
[   33.836117] f480  021ef410 ffffff81 00000000 00000000 00000000 00000000 00000000 00000000
[   33.836846] f4a0  00000000 00000000 00000000 00000000 00000000 00000000 00000000 00000000
[   33.837573] f4c0  00000000 00000000 00000000 00000000 00000000 00000000 00000000 00000000
[   33.838300] f4e0  00000000 00000000 00000000 00000000 00000000 00000000 00000000 00000000
[   33.839027] f500  00000000 00000000 00000000 00000000 00810480 ffffff81 00000000 00000000
[   33.839755] f520  00000000 00000000 021ef528 ffffff81 021ef528 ffffff81 02f905c0 ffffff81
[   33.840483] f540  02f905c0 ffffff81 021ef400 ffffff81 02f90000 ffffff81 00000000 00000000
[   33.841210] f560  00000000 00000000 00000000 00000000 00000000 00000000 ffffffe0 0000000f
[   33.841937] f580  021ef580 ffffff81 021ef580 ffffff81 08e0b540 ffffffc0 00000000 00000000
[   33.842665] f5a0  021ef5a0 ffffff81 021ef5a0 ffffff81 00000000 00000000 00000000 00000000
[   33.843391] f5c0  00000000 00000000 00000000 00000000 021ef5d0 ffffff81 021ef5d0 ffffff81
[   33.844120] f5e0  00000020 00000000 021ef5e8 ffffff81 021ef5e8 ffffff81 08e0aa10 ffffffc0
[   33.844850] 
[   33.844850] X26: 0xffffff81021f4390:
[   33.845292] 4190  08978084 ffffffc0 00000000 00000000 021f41a0 ffffff81 021f41a0 ffffff81
[   33.846020] 41b0  00000000 00000000 00000000 00000000 00002081 00000000 00000000 00000002
[   33.846748] 41d0  00000000 00000000 8ec3be4a 00000000 00000000 00000000 00000000 00000000
[   33.847476] 41f0  00000000 00000000 00000000 00000000 00000000 00000000 00000000 00000000
[   33.848204] 4210  00000000 00000000 00000000 00000000 00000000 00000000 00000000 00000000
[   33.848930] 4230  021f4230 ffffff81 021f4230 ffffff81 00000000 00000000 00000000 00000000
[   33.849658] 4250  00000000 00000000 00000000 00000000 00000000 00000000 00000000 00000000
[   33.850384] 4270  021f4270 ffffff81 021f4270 ffffff81 00000000 00000000 00000000 00000000
[   33.851113] 4290  00000000 00000000 00000000 00000000 00000000 00000000 00000000 00000000
[   33.851843] 42b0  021f42b0 ffffff81 021f42b0 ffffff81 00000000 00000000 00000000 00000000
[   33.852570] 42d0  08df6ce0 ffffffc0 00000000 00000000 00000000 00000000 00000000 00000000
[   33.853298] 42f0  00300000 000059b4 00000001 00000004 00000000 00000000 00000000 00000001
[   33.854027] 4310  0000000d 00002000 00000000 00000000 00000000 744a6055 53445531 208106c4
[   33.854754] 4330  5201827f 400e0032 5b590000 76ed7f80 0a4000d5 02358003 00000000 00000000
[   33.855482] 4350  04000000 04009000 08111900 00000000 00000000 00000000 00000000 00000000
[   33.856210] 4370  00000000 00000000 00000000 00000000 00000000 00000000 00000000 00000074
[   33.856937] 4390* 55445355 00000031 00000000 8106c452 07e84a60 00020002 05b50000 00000000
[   33.857666] 43b0  00000000 000076ed 00000004 017d7840 00000001 00000009 00000009 01dbb800
[   33.858392] 43d0  00000000 00000000 00000000 00000000 00000000 00000000 00000000 00000000
[   33.859119] 43f0  00000000 00000000 00000000 00000000 00000000 00000000 00000000 00000000
[   33.859848] 4410  00000000 00000000 00000000 00000000 00000000 00000000 00000000 00000000
[   33.860576] 4430  00000000 00000000 00000000 00000000 00000000 00000000 00000000 00000000
[   33.861304] 4450  00000000 00000000 00000000 00000000 00000000 00000000 00000000 00000000
[   33.862030] 4470  00000000 00000000 00000000 00000000 00000102 00000305 00002000 000001f4
[   33.862758] 4490  000003e8 02faf080 0c65d400 0000001f 0000000f 0000800f 00000000 00000000
[   33.863486] 44b0  00000000 00000000 00000000 00000000 00000000 00000000 00000000 00000000
[   33.864215] 44d0  00000000 00000000 00000000 00000000 00000000 00000000 00000000 00000000
[   33.864942] 44f0  00000000 00000000 00000000 00000000 00000000 00000000 00000000 00000000
[   33.865669] 4510  00000000 00000000 00000000 00000000 00000003 00000000 00000000 00000000
[   33.866396] 4530  0048f6c0 ffffff81 00000000 00000000 00000000 00000000 00000000 00000000
[   33.867124] 4550  00000000 00000000 00000000 00000000 00000000 00000000 00000000 00000000
[   33.867851] 4570  00000000 00000000 00000000 00000000 00000000 00000000 00000000 00000000
[   33.868580] 
[   33.868580] X27: 0xffffffc00a1b24b8:
[   33.869023] 22b8  00000000 00000000 0a1b22c0 ffffffc0 0a1b22c0 ffffffc0 09414e08 ffffffc0
[   33.869750] 22d8  00000000 00000000 0a1b2368 ffffffc0 0a1b2348 ffffffc0 0a1b2328 ffffffc0
[   33.870478] 22f8  0a1b2308 ffffffc0 00000000 00000000 097942c0 ffffffc0 00000124 00000000
[   33.871207] 2318  0895a560 ffffffc0 00000000 00000000 097942d0 ffffffc0 00000124 00000000
[   33.871936] 2338  0895a5a0 ffffffc0 00000000 00000000 097942e0 ffffffc0 00000124 00000000
[   33.872663] 2358  0895a5e0 ffffffc0 00000000 00000000 097b3128 ffffffc0 00000124 00000000
[   33.873390] 2378  0895a660 ffffffc0 00000000 00000000 08960eb0 ffffffc0 09414ec8 ffffffc0
[   33.874118] 2398  00000000 00000000 00000000 00000000 00000000 00000000 00000000 00000000
[   33.874847] 23b8  00000000 00000000 09794480 ffffffc0 000001a4 00000000 08961054 ffffffc0
[   33.875574] 23d8  08960860 ffffffc0 09794498 ffffffc0 00000080 00000000 00000000 00000000
[   33.876301] 23f8  08960fe0 ffffffc0 09711520 ffffffc0 00000080 00000000 00000000 00000000
[   33.877031] 2418  08960df0 ffffffc0 08960e34 ffffffc0 09414ed8 ffffffc0 00000000 00000000
[   33.877759] 2438  00000000 00000000 00000000 00000000 00000000 00000000 00000000 00000000
[   33.878488] 2458  09711520 ffffffc0 00000080 00000000 00000000 00000000 08960db0 ffffffc0
[   33.879217] 2478  09711550 ffffffc0 00000080 00000000 00000000 00000000 08961454 ffffffc0
[   33.879944] 2498  09711548 ffffffc0 00000080 00000000 00000000 00000000 08961700 ffffffc0
[   33.880672] 24b8* 00000000 00000000 00000000 00000000 0a1b24c8 ffffffc0 0a1b24c8 ffffffc0
[   33.881401] 24d8  0a1b24d8 ffffffc0 0a1b24d8 ffffffc0 00cce0a8 ffffff81 00dffba8 ffffff81
[   33.882128] 24f8  097948f8 ffffffc0 00000080 00000000 00000000 00000000 08962630 ffffffc0
[   33.882857] 2518  00000100 00000000 0a1b2520 ffffffc0 0a1b2520 ffffffc0 08962690 ffffffc0
[   33.883587] 2538  00000000 00000000 0a1b2540 ffffffc0 0a1b2540 ffffffc0 ffffffe0 0000000f
[   33.884315] 2558  0a1b2558 ffffffc0 0a1b2558 ffffffc0 08962cb0 ffffffc0 00000300 dead0000
[   33.885042] 2578  00000000 00000000 00000000 00000000 08073370 ffffffc0 00200000 00000000
[   33.885770] 2598  00000000 00000000 00000000 00000000 097948e8 ffffffc0 00000124 00000000
[   33.886497] 25b8  08962a50 ffffffc0 00000000 00000000 00000000 00000000 00000000 00000000
[   33.887223] 25d8  0a1b25d8 ffffffc0 0a1b25d8 ffffffc0 0a13d118 ffffffc0 0a0a8d30 ffffffc0
[   33.887950] 25f8  08965234 ffffffc0 09415198 ffffffc0 00000000 00000000 00000000 00000000
[   33.888677] 2618  089651a0 ffffffc0 00000000 00000000 00000000 00000000 09794e50 ffffffc0
[   33.889404] 2638  00000124 00000000 08966c70 ffffffc0 00000000 00000000 096bcae0 ffffffc0
[   33.890132] 2658  0001a408 ffffff81 00362900 ffffff81 00362918 ffffff81 00362900 ffffff81
[   33.890859] 2678  0a1b2018 ffffffc0 00ac9c80 ffffff81 00000107 00000003 00000000 00000000
[   33.891588] 2698  0033cb00 ffffff81 00000000 00000000 00000000 00000000 00000000 00000000
[   33.892315] 
[   33.892315] X28: 0xffffff81021f4000:
[   33.892757] 3e00  00000000 00000000 00000000 00000000 00000000 00000000 00000000 00000000
[   33.893485] 3e20  00000000 00000000 00000000 00000000 00000000 00000000 00000000 00000000
[   33.894211] 3e40  00000000 00000000 00000000 00000000 00000000 00000000 00000000 00000000
[   33.894939] 3e60  00000000 00000000 00000000 00000000 00000000 00000000 00000000 00000000
[   33.895666] 3e80  00000000 00000000 00000000 00000000 00000000 00000000 00000000 00000000
[   33.896395] 3ea0  00000000 00000000 00000000 00000000 00000000 00000000 00000000 00000000
[   33.897123] 3ec0  00000000 00000000 00000000 00000000 00000000 00000000 00000000 00000000
[   33.897850] 3ee0  00000000 00000000 00000000 00000000 00000000 00000000 00000000 00000000
[   33.898578] 3f00  00000000 00000000 00000000 00000000 00000000 00000000 00000000 00000000
[   33.899305] 3f20  00000000 00000000 00000000 00000000 00000000 00000000 00000000 00000000
[   33.900033] 3f40  00000000 00000000 00000000 00000000 00000000 00000000 00000000 00000000
[   33.900760] 3f60  00000000 00000000 00000000 00000000 00000000 00000000 00000000 00000000
[   33.901488] 3f80  00000000 00000000 00000000 00000000 00000000 00000000 00000000 00000000
[   33.902214] 3fa0  00000000 00000000 00000000 00000000 00000000 00000000 00000000 00000000
[   33.902941] 3fc0  00000000 00000000 00000000 00000000 00000000 00000000 00000000 00000000
[   33.903668] 3fe0  00000000 00000000 00000000 00000000 00000000 00000000 00000000 00000000
[   33.904395] 4000* 01f45000 ffffff81 00810080 ffffff81 02fa1c08 ffffff81 02172c08 ffffff81
[   33.905124] 4020  01f45008 ffffff81 00362900 ffffff81 0a1b2018 ffffffc0 00b36e00 ffffff81
[   33.905854] 4040  00000005 00000007 01f45008 ffffff81 00b3ab00 ffffff81 00000000 00000000
[   33.906581] 4060  0a1faba0 ffffffc0 0a1fa508 ffffffc0 0a1fb468 ffffffc0 00000000 00000000
[   33.907308] 4080  021ef400 ffffff81 00d5c600 ffffff81 00000000 00000000 021f4098 ffffff81
[   33.908035] 40a0  021f4098 ffffff81 021f40a8 ffffff81 021f40a8 ffffff81 021f40b8 ffffff81
[   33.908762] 40c0  021f40b8 ffffff81 021f40c8 ffffff81 021f40c8 ffffff81 00000001 00000000
[   33.909490] 40e0  00000000 00000106 00000000 00000000 02fa1ce8 ffffff81 02172ce8 ffffff81
[   33.910219] 4100  ffffffff 00000000 00000000 00000000 021f4110 ffffff81 021f4110 ffffff81
[   33.910945] 4120  00000000 00000000 00000000 00000000 021f4130 ffffff81 00000000 00000000
[   33.911673] 4140  00000000 00000000 00000000 00000000 00000000 00000000 08976fa0 ffffffc0
[   33.912401] 4160  fef57140 ffffff81 00000000 00000000 00000000 00000000 ffffffe0 0000000f
[   33.913128] 4180  021f4180 ffffff81 021f4180 ffffff81 08978084 ffffffc0 00000000 00000000
[   33.913856] 41a0  021f41a0 ffffff81 021f41a0 ffffff81 00000000 00000000 00000000 00000000
[   33.914585] 41c0  00002081 00000000 00000000 00000002 00000000 00000000 8ec3be4a 00000000
[   33.915312] 41e0  00000000 00000000 00000000 00000000 00000000 00000000 00000000 00000000
[   33.916040] 
[   33.916040] X29: 0xffffffc00b36b9b0:
[   33.916482] b7b0  00000000 00000000 68b66800 4b46e0c1 0b36b7e0 ffffffc0 0803887c ffffffc0
[   33.917209] b7d0  96000005 00000000 0b36b860 ffffffc0 0b36b820 ffffffc0 092b9cf0 ffffffc0
[   33.917936] b7f0  0b36b860 ffffffc0 96000005 00000000 0a2fa000 ffffffc0 00000050 00000000
[   33.918663] b810  0b36b860 ffffffc0 021ef400 ffffff81 0b36b850 ffffffc0 092ba02c ffffffc0
[   33.919390] b830  094d9f10 ffffffc0 ffffffff 0000007f 0b36b9b0 ffffffc0 08e13e5c ffffffc0
[   33.920119] b850  0b36b990 ffffffc0 08012408 ffffffc0 021ef400 ffffff81 02c85c00 ffffff81
[   33.920848] b870  00000000 00000000 0a376000 ffffffc0 00000000 00000000 80808080 80808080
[   33.921576] b890  80808080 80808080 fefefeff fefefefe 7f7f7f7f 7f7f7f7f 08e07eac ffffffc0
[   33.922304] b8b0  7f7f7f7f 7f7f7f7f 01010101 01010101 00000000 00000000 0a269db0 ffffffc0
[   33.923031] b8d0  0b36b878 ffffffc0 ffffffff ffffffff 00000c00 00000000 000000e9 00000000
[   33.923761] b8f0  00000020 00000000 094d9f10 ffffffc0 021f4008 ffffff81 00000000 00000000
[   33.924492] b910  021ef400 ffffff81 0a2c5d38 ffffffc0 021ef400 ffffff81 0000ffff 00000000
[   33.925221] b930  021f4390 ffffff81 0a1b24b8 ffffffc0 021f4000 ffffff81 0b36b9b0 ffffffc0
[   33.925950] b950  08e07eac ffffffc0 0b36b9b0 ffffffc0 08e13e5c ffffffc0 60c00009 00000000
[   33.926680] b970  0b36b990 ffffffc0 092b3b0c ffffffc0 ffffffff ffffffff 021f4008 ffffff81
[   33.927409] b990  0b36b9b0 ffffffc0 08e13e5c ffffffc0 094d9f10 ffffffc0 00000000 00000000
[   33.928135] b9b0* 0b36b9c0 ffffffc0 08e07eac ffffffc0 0b36baa0 ffffffc0 08df6818 ffffffc0
[   33.928863] b9d0  021f4008 ffffff81 0a36e360 ffffffc0 00000000 00000000 00000000 00000000
[   33.929590] b9f0  0a1fb468 ffffffc0 0a2ab730 ffffffc0 0000001c 00000000 096b6cc8 ffffffc0
[   33.930317] ba10  0a1b24b8 ffffffc0 01aa1100 ffffff81 09858df0 ffffffc0 089698a4 ffffffc0
[   33.931046] ba30  0b36ba70 ffffffc0 082bf488 ffffffc0 021f4008 ffffff81 00000000 00000000
[   33.931772] ba50  09858df0 ffffffc0 00000000 00000000 0a1fb468 392e3431 42694720 00000000
[   33.932499] ba70  0b36ba80 ffffffc0 08962918 ffffffc0 0b36bab0 ffffffc0 08963484 ffffffc0
[   33.933226] ba90  021f4008 ffffff81 68b66800 4b46e0c1 0b36bab0 ffffffc0 089634c0 ffffffc0
[   33.933954] bab0  0b36bb10 ffffffc0 08963d84 ffffffc0 021f4008 ffffff81 0a1fb468 ffffffc0
[   33.934683] bad0  0b36bbf8 ffffffc0 021f4008 ffffff81 0a36e318 ffffffc0 00000000 00000000
[   33.935412] baf0  0a1faba0 ffffffc0 096b6cc8 ffffffc0 01ea77c8 ffffff81 021f4008 ffffff81
[   33.936140] bb10  0b36bb40 ffffffc0 089640cc ffffffc0 00000001 00000000 0a1fb468 ffffffc0
[   33.936867] bb30  00000001 00000000 08960aa4 ffffffc0 0b36bb70 ffffffc0 08960ac0 ffffffc0
[   33.937594] bb50  00000000 00000000 0b36bbf8 ffffffc0 08963ff4 ffffffc0 00000001 00000000
[   33.938322] bb70  0b36bbc0 ffffffc0 08963974 ffffffc0 021f4008 ffffff81 021f4008 ffffff81
[   33.939051] bb90  021f4088 ffffff81 0896395c ffffffc0 021f4008 ffffff81 00e6c8c8 ffffff81
[   33.939786] Code: d10d8042 aa0203e1 f9000482 b40000e1 (f9402841) 
[   33.940322] ---[ end trace ebcc5616f93677d2 ]---
